<?xml version="1.0" encoding="UTF-8"?>
<!-- Generated by org.testng.reporters.JUnitXMLReporter -->
<testsuite hostname="DESKTOP-HCS28RS" ignored="0" name="TestNG Listener Example" tests="3" failures="1" timestamp="06 Jul 2018 05:52:19 GMT" time="0.114" errors="0">
  <testcase name="test1" time="0.017" classname="com.sample.testscripts.SampleTest"/>
  <testcase name="test2" time="0.004" classname="com.sample.testscripts.SampleTest">
    <failure type="org.testng.TestException" message="
Method SampleTest.test2()[pri:0, instance:com.sample.testscripts.SampleTest@7d9d1a19] should have thrown an exception of type class java.lang.RuntimeException">
      <![CDATA[org.testng.TestException: 
Method SampleTest.test2()[pri:0, instance:com.sample.testscripts.SampleTest@7d9d1a19] should have thrown an exception of type class java.lang.RuntimeException
... Removed 22 stack frames]]>
    </failure>
  </testcase> <!-- test2 -->
  <testcase name="test3" time="0.005" classname="com.sample.testscripts.SampleTest">
    <skipped/>
  </testcase> <!-- test3 -->
</testsuite> <!-- TestNG Listener Example -->
